C:\USERS\ANNA\DESKTOP\OPENGLES-BOOK-SAMPLES-MASTER\OPENGLES-BOOK-SAMPLES-MASTER\WINDOWS\BIN\HELLO_TRIANGLE.EXE
C:\USERS\ANNA\DESKTOP\OPENGLES-BOOK-SAMPLES-MASTER\OPENGLES-BOOK-SAMPLES-MASTER\WINDOWS\BIN\HELLO_TRIANGLE.ILK
C:\Users\anna\Desktop\opengles-book-samples-master\opengles-book-samples-master\Windows\Chapter_2\Hello_Triangle\Debug\cl.command.1.tlog
C:\Users\anna\Desktop\opengles-book-samples-master\opengles-book-samples-master\Windows\Chapter_2\Hello_Triangle\Debug\CL.read.1.tlog
C:\Users\anna\Desktop\opengles-book-samples-master\opengles-book-samples-master\Windows\Chapter_2\Hello_Triangle\Debug\CL.write.1.tlog
C:\USERS\ANNA\DESKTOP\OPENGLES-BOOK-SAMPLES-MASTER\OPENGLES-BOOK-SAMPLES-MASTER\WINDOWS\CHAPTER_2\HELLO_TRIANGLE\DEBUG\HELLO_TRIANGLE.EXE.EMBED.MANIFEST
C:\USERS\ANNA\DESKTOP\OPENGLES-BOOK-SAMPLES-MASTER\OPENGLES-BOOK-SAMPLES-MASTER\WINDOWS\CHAPTER_2\HELLO_TRIANGLE\DEBUG\HELLO_TRIANGLE.EXE.EMBED.MANIFEST.RES
C:\USERS\ANNA\DESKTOP\OPENGLES-BOOK-SAMPLES-MASTER\OPENGLES-BOOK-SAMPLES-MASTER\WINDOWS\CHAPTER_2\HELLO_TRIANGLE\DEBUG\HELLO_TRIANGLE.EXE.INTERMEDIATE.MANIFEST
C:\USERS\ANNA\DESKTOP\OPENGLES-BOOK-SAMPLES-MASTER\OPENGLES-BOOK-SAMPLES-MASTER\WINDOWS\CHAPTER_2\HELLO_TRIANGLE\DEBUG\HELLO_TRIANGLE.OBJ
C:\USERS\ANNA\DESKTOP\OPENGLES-BOOK-SAMPLES-MASTER\OPENGLES-BOOK-SAMPLES-MASTER\WINDOWS\CHAPTER_2\HELLO_TRIANGLE\DEBUG\HELLO_TRIANGLE.PDB
C:\Users\anna\Desktop\opengles-book-samples-master\opengles-book-samples-master\Windows\Chapter_2\Hello_Triangle\Debug\Hello_Triangle.write.1.tlog
C:\Users\anna\Desktop\opengles-book-samples-master\opengles-book-samples-master\Windows\Chapter_2\Hello_Triangle\Debug\Hello_Triangle_manifest.rc
C:\Users\anna\Desktop\opengles-book-samples-master\opengles-book-samples-master\Windows\Chapter_2\Hello_Triangle\Debug\link.14320.read.1.tlog
C:\Users\anna\Desktop\opengles-book-samples-master\opengles-book-samples-master\Windows\Chapter_2\Hello_Triangle\Debug\link.14320.write.1.tlog
C:\Users\anna\Desktop\opengles-book-samples-master\opengles-book-samples-master\Windows\Chapter_2\Hello_Triangle\Debug\link.14320-cvtres.read.1.tlog
C:\Users\anna\Desktop\opengles-book-samples-master\opengles-book-samples-master\Windows\Chapter_2\Hello_Triangle\Debug\link.14320-cvtres.write.1.tlog
C:\Users\anna\Desktop\opengles-book-samples-master\opengles-book-samples-master\Windows\Chapter_2\Hello_Triangle\Debug\link.command.1.tlog
C:\Users\anna\Desktop\opengles-book-samples-master\opengles-book-samples-master\Windows\Chapter_2\Hello_Triangle\Debug\link.read.1.tlog
C:\Users\anna\Desktop\opengles-book-samples-master\opengles-book-samples-master\Windows\Chapter_2\Hello_Triangle\Debug\link.write.1.tlog
C:\Users\anna\Desktop\opengles-book-samples-master\opengles-book-samples-master\Windows\Chapter_2\Hello_Triangle\Debug\link-cvtres.read.1.tlog
C:\Users\anna\Desktop\opengles-book-samples-master\opengles-book-samples-master\Windows\Chapter_2\Hello_Triangle\Debug\link-cvtres.write.1.tlog
C:\Users\anna\Desktop\opengles-book-samples-master\opengles-book-samples-master\Windows\Chapter_2\Hello_Triangle\Debug\mt.command.1.tlog
C:\Users\anna\Desktop\opengles-book-samples-master\opengles-book-samples-master\Windows\Chapter_2\Hello_Triangle\Debug\mt.read.1.tlog
C:\Users\anna\Desktop\opengles-book-samples-master\opengles-book-samples-master\Windows\Chapter_2\Hello_Triangle\Debug\mt.write.1.tlog
C:\Users\anna\Desktop\opengles-book-samples-master\opengles-book-samples-master\Windows\Chapter_2\Hello_Triangle\Debug\rc.command.1.tlog
C:\Users\anna\Desktop\opengles-book-samples-master\opengles-book-samples-master\Windows\Chapter_2\Hello_Triangle\Debug\rc.read.1.tlog
C:\Users\anna\Desktop\opengles-book-samples-master\opengles-book-samples-master\Windows\Chapter_2\Hello_Triangle\Debug\rc.write.1.tlog
C:\Users\anna\Desktop\opengles-book-samples-master\opengles-book-samples-master\Windows\Chapter_2\Hello_Triangle\Debug\ResolveAssemblyReference.cache
C:\Users\anna\Desktop\opengles-book-samples-master\opengles-book-samples-master\Windows\Chapter_2\Hello_Triangle\Debug\vc100.idb
C:\USERS\ANNA\DESKTOP\OPENGLES-BOOK-SAMPLES-MASTER\OPENGLES-BOOK-SAMPLES-MASTER\WINDOWS\CHAPTER_2\HELLO_TRIANGLE\DEBUG\VC100.PDB
