Build started 2/6/2015 3:05:26 PM.
     1>Project "C:\Users\anna\Desktop\opengles-book-samples-master\opengles-book-samples-master\Windows\Chapter_2\Hello_Triangle\Hello_Triangle.vcxproj" on node 2 (build target(s)).
     1>InitializeBuildStatus:
         Creating "Debug\Hello_Triangle.unsuccessfulbuild" because "AlwaysCreate" was specified.
       ClCompile:
         D:\Program Files (x86)\Microsoft Visual Studio 10.0\VC\bin\CL.exe /c /I..\..\Common\Include /ZI /nologo /W3 /WX- /Od /Oy- /D WIN32 /D _DEBUG /D _CONSOLE /Gm /EHsc /RTC1 /MDd /GS /fp:precise /Zc:wchar_t /Zc:forScope /Fo"Debug\\" /Fd"Debug\vc100.pdb" /Gd /TC /analyze- /errorReport:prompt Hello_Triangle.c
         Hello_Triangle.c
       ManifestResourceCompile:
         All outputs are up-to-date.
     1>C:\Program Files (x86)\MSBuild\Microsoft.Cpp\v4.0\Microsoft.CppBuild.targets(990,5): warning MSB8012: TargetPath(C:\Users\anna\Desktop\opengles-book-samples-master\opengles-book-samples-master\Windows\Chapter_2\Hello_Triangle\Debug\Hello_Triangle.exe) does not match the Linker's OutputFile property value (C:\Users\anna\Desktop\opengles-book-samples-master\opengles-book-samples-master\Windows\Bin\Hello_Triangle.exe). This may cause your project to build incorrectly. To correct this, please make sure that $(OutDir), $(TargetName) and $(TargetExt) property values match the value specified in %(Link.OutputFile).
       Link:
         D:\Program Files (x86)\Microsoft Visual Studio 10.0\VC\bin\link.exe /ERRORREPORT:PROMPT /OUT:"..\..\Bin\Hello_Triangle.exe" /INCREMENTAL /NOLOGO /LIBPATH:..\..\Common\Lib /LIBPATH:..\..\Lib libEGL.lib libGLESv2.lib esUtil_d.lib kernel32.lib user32.lib gdi32.lib winspool.lib comdlg32.lib advapi32.lib shell32.lib ole32.lib oleaut32.lib uuid.lib odbc32.lib odbccp32.lib /MANIFEST /ManifestFile:"Debug\Hello_Triangle.exe.intermediate.manifest" /MANIFESTUAC:"level='asInvoker' uiAccess='false'" /DEBUG /PDB:"C:\Users\anna\Desktop\opengles-book-samples-master\opengles-book-samples-master\Windows\Chapter_2\Hello_Triangle\Debug\Hello_Triangle.pdb" /SUBSYSTEM:CONSOLE /TLBID:1 /DYNAMICBASE /NXCOMPAT /IMPLIB:"C:\Users\anna\Desktop\opengles-book-samples-master\opengles-book-samples-master\Windows\Chapter_2\Hello_Triangle\Debug\Hello_Triangle.lib" /MACHINE:X86 Debug\Hello_Triangle.exe.embed.manifest.res
         Debug\Hello_Triangle.obj
         "C:\Users\anna\Desktop\opengles-book-samples-master\opengles-book-samples-master\Windows\Common\lib\esUtil_d.lib"
       Manifest:
         C:\Program Files (x86)\Microsoft SDKs\Windows\v7.0A\bin\mt.exe /nologo /verbose /out:"Debug\Hello_Triangle.exe.embed.manifest" /manifest Debug\Hello_Triangle.exe.intermediate.manifest
         All outputs are up-to-date.
       LinkEmbedManifest:
         All outputs are up-to-date.
         Hello_Triangle.vcxproj -> C:\Users\anna\Desktop\opengles-book-samples-master\opengles-book-samples-master\Windows\Chapter_2\Hello_Triangle\Debug\Hello_Triangle.exe
       FinalizeBuildStatus:
         Deleting file "Debug\Hello_Triangle.unsuccessfulbuild".
         Touching "Debug\Hello_Triangle.lastbuildstate".
     1>Done Building Project "C:\Users\anna\Desktop\opengles-book-samples-master\opengles-book-samples-master\Windows\Chapter_2\Hello_Triangle\Hello_Triangle.vcxproj" (build target(s)).

Build succeeded.

Time Elapsed 00:00:00.67
